<?xml version="1.0" encoding="UTF-8"?>
<!-- Generated by org.testng.reporters.JUnitReportReporter -->
<testsuite hostname="DESKTOP-SOHTP3K" failures="0" tests="1" name="com.nopCommerce.testCases.TC_LoginTest_001" time="10.332" errors="0" timestamp="02 Jul 2020 22:06:44 GMT" skipped="0">
  <testcase classname="com.nopCommerce.testCases.TC_LoginTest_001" name="loginTest" time="10.332"/>
</testsuite> <!-- com.nopCommerce.testCases.TC_LoginTest_001 -->
