<?xml version="1.0" encoding="UTF-8"?>
<!-- Generated by org.testng.reporters.JUnitReportReporter -->
<testsuite skipped="1" hostname="DESKTOP-SOHTP3K" name="com.nopCommerce.testCases.TC_LoginDDT_002" tests="1" failures="0" timestamp="24 Jun 2020 23:04:38 GMT" time="0.000" errors="0">
  <testcase name="loginTest" time="0.000" classname="com.nopCommerce.testCases.TC_LoginDDT_002">
    <skipped/>
  </testcase> <!-- loginTest -->
</testsuite> <!-- com.nopCommerce.testCases.TC_LoginDDT_002 -->
